c:\source\zatcap html\zatcap\debugrelease\file.obj
c:\source\zatcap html\zatcap\debugrelease\json_reader.obj
c:\source\zatcap html\zatcap\debugrelease\json_value.obj
c:\source\zatcap html\zatcap\debugrelease\json_writer.obj
c:\source\zatcap html\zatcap\debugrelease\stdafx.obj
c:\source\zatcap html\zatcap\debugrelease\stream.obj
c:\source\zatcap html\zatcap\debugrelease\timedeventprocess.obj
c:\source\zatcap html\zatcap\debugrelease\awesomium.obj
c:\source\zatcap html\zatcap\debugrelease\column.obj
c:\source\zatcap html\zatcap\debugrelease\customcolumn.obj
c:\source\zatcap html\zatcap\debugrelease\tweet.obj
c:\source\zatcap html\zatcap\debugrelease\twitter.obj
c:\source\zatcap html\zatcap\debugrelease\zatcap.obj
c:\source\zatcap html\zatcap\debugrelease\vc110.pdb
c:\source\zatcap html\debugrelease\zatcap.exe
c:\source\zatcap html\debugrelease\zatcap.pdb
c:\source\zatcap html\zatcap\debugrelease\zatcap1.res
c:\source\zatcap html\zatcap\debugrelease\vc120.pdb
c:\source\zatcap html\zatcap\debugrelease\vc120.idb
c:\source\zatcap html\zatcap\debugrelease\avitardownloader.obj
c:\source\zatcap html\zatcap\debugrelease\button.obj
c:\source\zatcap html\zatcap\debugrelease\waitindicator.obj
c:\source\zatcap html\zatcap\debugrelease\cl.command.1.tlog
c:\source\zatcap html\zatcap\debugrelease\cl.read.1.tlog
c:\source\zatcap html\zatcap\debugrelease\cl.write.1.tlog
c:\source\zatcap html\zatcap\debugrelease\link-cvtres.read.1.tlog
c:\source\zatcap html\zatcap\debugrelease\link-cvtres.write.1.tlog
c:\source\zatcap html\zatcap\debugrelease\link-dw20-dwwin.read.2.tlog
c:\source\zatcap html\zatcap\debugrelease\link-dw20-dwwin.read.4.tlog
c:\source\zatcap html\zatcap\debugrelease\link-dw20.read.1.tlog
c:\source\zatcap html\zatcap\debugrelease\link-rc.read.1.tlog
c:\source\zatcap html\zatcap\debugrelease\link-rc.write.1.tlog
c:\source\zatcap html\zatcap\debugrelease\link.command.1.tlog
c:\source\zatcap html\zatcap\debugrelease\link.read.1.tlog
c:\source\zatcap html\zatcap\debugrelease\link.read.2.tlog
c:\source\zatcap html\zatcap\debugrelease\link.read.3.tlog
c:\source\zatcap html\zatcap\debugrelease\link.read.4.tlog
c:\source\zatcap html\zatcap\debugrelease\link.read.5.tlog
c:\source\zatcap html\zatcap\debugrelease\link.read.6.tlog
c:\source\zatcap html\zatcap\debugrelease\link.write.1.tlog
c:\source\zatcap html\zatcap\debugrelease\rc.command.1.tlog
c:\source\zatcap html\zatcap\debugrelease\rc.read.1.tlog
c:\source\zatcap html\zatcap\debugrelease\rc.write.1.tlog
c:\source\zatcap html\zatcap\debugrelease\vc110.idb
c:\source\zatcap html\zatcap\debugrelease\zatcap.tlog\cl.command.1.tlog
c:\source\zatcap html\zatcap\debugrelease\zatcap.tlog\cl.read.1.tlog
c:\source\zatcap html\zatcap\debugrelease\zatcap.tlog\cl.write.1.tlog
c:\source\zatcap html\zatcap\debugrelease\zatcap.tlog\link.command.1.tlog
c:\source\zatcap html\zatcap\debugrelease\zatcap.tlog\link.read.1.tlog
c:\source\zatcap html\zatcap\debugrelease\zatcap.tlog\link.write.1.tlog
c:\source\zatcap html\zatcap\debugrelease\zatcap.tlog\rc.command.1.tlog
c:\source\zatcap html\zatcap\debugrelease\zatcap.tlog\rc.read.1.tlog
c:\source\zatcap html\zatcap\debugrelease\zatcap.tlog\rc.write.1.tlog
