[0117/210155:INFO:content_main_delegate_impl.cc(58)] WebCore is now online.
[0117/210155:INFO:content_main_delegate_impl.cc(59)] Running Awesomium 1.7.0
[0117/210155:WARNING:content_client_impl.cc(85)] GetDataResource 4559
[0117/210155:WARNING:content_client_impl.cc(87)] Len: 195
[0117/210157:INFO:dhcp_proxy_script_adapter_fetcher_win.cc(265)] Error fetching PAC URL from DHCP: 2
[0117/210206:INFO:dhcp_proxy_script_adapter_fetcher_win.cc(265)] Error fetching PAC URL from DHCP: 2
[0117/210219:INFO:dhcp_proxy_script_adapter_fetcher_win.cc(265)] Error fetching PAC URL from DHCP: 2
[0117/210240:INFO:dhcp_proxy_script_adapter_fetcher_win.cc(265)] Error fetching PAC URL from DHCP: 2
[0117/210317:INFO:dhcp_proxy_script_adapter_fetcher_win.cc(265)] Error fetching PAC URL from DHCP: 2
[0117/210426:INFO:dhcp_proxy_script_adapter_fetcher_win.cc(265)] Error fetching PAC URL from DHCP: 2
[0117/210630:INFO:dhcp_proxy_script_adapter_fetcher_win.cc(265)] Error fetching PAC URL from DHCP: 2
[0117/210835:INFO:dhcp_proxy_script_adapter_fetcher_win.cc(265)] Error fetching PAC URL from DHCP: 2
[0117/211040:INFO:dhcp_proxy_script_adapter_fetcher_win.cc(265)] Error fetching PAC URL from DHCP: 2
[0117/211244:INFO:dhcp_proxy_script_adapter_fetcher_win.cc(265)] Error fetching PAC URL from DHCP: 2
[0117/211449:INFO:dhcp_proxy_script_adapter_fetcher_win.cc(265)] Error fetching PAC URL from DHCP: 2
[0117/211653:INFO:dhcp_proxy_script_adapter_fetcher_win.cc(265)] Error fetching PAC URL from DHCP: 2
[0117/211858:INFO:dhcp_proxy_script_adapter_fetcher_win.cc(265)] Error fetching PAC URL from DHCP: 2
[0117/212103:INFO:dhcp_proxy_script_adapter_fetcher_win.cc(265)] Error fetching PAC URL from DHCP: 2
[0117/212307:INFO:dhcp_proxy_script_adapter_fetcher_win.cc(265)] Error fetching PAC URL from DHCP: 2
[0117/212512:INFO:dhcp_proxy_script_adapter_fetcher_win.cc(265)] Error fetching PAC URL from DHCP: 2
[0117/212717:INFO:dhcp_proxy_script_adapter_fetcher_win.cc(265)] Error fetching PAC URL from DHCP: 2
[0117/212921:INFO:dhcp_proxy_script_adapter_fetcher_win.cc(265)] Error fetching PAC URL from DHCP: 2
[0117/213126:INFO:dhcp_proxy_script_adapter_fetcher_win.cc(265)] Error fetching PAC URL from DHCP: 2
[0117/213330:INFO:dhcp_proxy_script_adapter_fetcher_win.cc(265)] Error fetching PAC URL from DHCP: 2
[0117/213535:INFO:dhcp_proxy_script_adapter_fetcher_win.cc(265)] Error fetching PAC URL from DHCP: 2
[0117/213740:INFO:dhcp_proxy_script_adapter_fetcher_win.cc(265)] Error fetching PAC URL from DHCP: 2
[0117/213944:INFO:dhcp_proxy_script_adapter_fetcher_win.cc(265)] Error fetching PAC URL from DHCP: 2
[0117/214149:INFO:dhcp_proxy_script_adapter_fetcher_win.cc(265)] Error fetching PAC URL from DHCP: 2
[0117/214354:INFO:dhcp_proxy_script_adapter_fetcher_win.cc(265)] Error fetching PAC URL from DHCP: 2
[0117/214558:INFO:dhcp_proxy_script_adapter_fetcher_win.cc(265)] Error fetching PAC URL from DHCP: 2
[0117/214803:INFO:dhcp_proxy_script_adapter_fetcher_win.cc(265)] Error fetching PAC URL from DHCP: 2
[0117/215008:INFO:dhcp_proxy_script_adapter_fetcher_win.cc(265)] Error fetching PAC URL from DHCP: 2
[0117/215213:INFO:dhcp_proxy_script_adapter_fetcher_win.cc(265)] Error fetching PAC URL from DHCP: 2
[0117/215417:INFO:dhcp_proxy_script_adapter_fetcher_win.cc(265)] Error fetching PAC URL from DHCP: 2
[0117/215622:INFO:dhcp_proxy_script_adapter_fetcher_win.cc(265)] Error fetching PAC URL from DHCP: 2
[0117/215826:INFO:dhcp_proxy_script_adapter_fetcher_win.cc(265)] Error fetching PAC URL from DHCP: 2
[0117/220031:INFO:dhcp_proxy_script_adapter_fetcher_win.cc(265)] Error fetching PAC URL from DHCP: 2
[0117/220236:INFO:dhcp_proxy_script_adapter_fetcher_win.cc(265)] Error fetching PAC URL from DHCP: 2
[0117/220440:INFO:dhcp_proxy_script_adapter_fetcher_win.cc(265)] Error fetching PAC URL from DHCP: 2
[0117/220645:INFO:dhcp_proxy_script_adapter_fetcher_win.cc(265)] Error fetching PAC URL from DHCP: 2
[0117/220849:INFO:dhcp_proxy_script_adapter_fetcher_win.cc(265)] Error fetching PAC URL from DHCP: 2
[0117/221054:INFO:dhcp_proxy_script_adapter_fetcher_win.cc(265)] Error fetching PAC URL from DHCP: 2
[0117/221259:INFO:dhcp_proxy_script_adapter_fetcher_win.cc(265)] Error fetching PAC URL from DHCP: 2
[0117/221503:INFO:dhcp_proxy_script_adapter_fetcher_win.cc(265)] Error fetching PAC URL from DHCP: 2
[0117/221708:INFO:dhcp_proxy_script_adapter_fetcher_win.cc(265)] Error fetching PAC URL from DHCP: 2
[0117/221912:INFO:dhcp_proxy_script_adapter_fetcher_win.cc(265)] Error fetching PAC URL from DHCP: 2
[0117/222117:INFO:dhcp_proxy_script_adapter_fetcher_win.cc(265)] Error fetching PAC URL from DHCP: 2
[0117/222322:INFO:dhcp_proxy_script_adapter_fetcher_win.cc(265)] Error fetching PAC URL from DHCP: 2
[0117/222526:INFO:dhcp_proxy_script_adapter_fetcher_win.cc(265)] Error fetching PAC URL from DHCP: 2
[0117/222731:INFO:dhcp_proxy_script_adapter_fetcher_win.cc(265)] Error fetching PAC URL from DHCP: 2
[0117/222936:INFO:dhcp_proxy_script_adapter_fetcher_win.cc(265)] Error fetching PAC URL from DHCP: 2
[0117/223140:INFO:dhcp_proxy_script_adapter_fetcher_win.cc(265)] Error fetching PAC URL from DHCP: 2
[0117/223345:INFO:dhcp_proxy_script_adapter_fetcher_win.cc(265)] Error fetching PAC URL from DHCP: 2
[0117/223550:INFO:dhcp_proxy_script_adapter_fetcher_win.cc(265)] Error fetching PAC URL from DHCP: 2
[0117/223754:INFO:dhcp_proxy_script_adapter_fetcher_win.cc(265)] Error fetching PAC URL from DHCP: 2
[0117/223959:INFO:dhcp_proxy_script_adapter_fetcher_win.cc(265)] Error fetching PAC URL from DHCP: 2
[0117/224204:INFO:dhcp_proxy_script_adapter_fetcher_win.cc(265)] Error fetching PAC URL from DHCP: 2
[0117/224408:INFO:dhcp_proxy_script_adapter_fetcher_win.cc(265)] Error fetching PAC URL from DHCP: 2
[0117/224613:INFO:dhcp_proxy_script_adapter_fetcher_win.cc(265)] Error fetching PAC URL from DHCP: 2
[0117/224818:INFO:dhcp_proxy_script_adapter_fetcher_win.cc(265)] Error fetching PAC URL from DHCP: 2
[0117/225022:INFO:dhcp_proxy_script_adapter_fetcher_win.cc(265)] Error fetching PAC URL from DHCP: 2
[0117/225227:INFO:dhcp_proxy_script_adapter_fetcher_win.cc(265)] Error fetching PAC URL from DHCP: 2
[0117/225432:INFO:dhcp_proxy_script_adapter_fetcher_win.cc(265)] Error fetching PAC URL from DHCP: 2
[0117/225636:INFO:dhcp_proxy_script_adapter_fetcher_win.cc(265)] Error fetching PAC URL from DHCP: 2
[0117/225841:INFO:dhcp_proxy_script_adapter_fetcher_win.cc(265)] Error fetching PAC URL from DHCP: 2
[0117/230045:INFO:dhcp_proxy_script_adapter_fetcher_win.cc(265)] Error fetching PAC URL from DHCP: 2
[0117/230250:INFO:dhcp_proxy_script_adapter_fetcher_win.cc(265)] Error fetching PAC URL from DHCP: 2
[0117/230455:INFO:dhcp_proxy_script_adapter_fetcher_win.cc(265)] Error fetching PAC URL from DHCP: 2
[0117/230659:INFO:dhcp_proxy_script_adapter_fetcher_win.cc(265)] Error fetching PAC URL from DHCP: 2
[0117/230904:INFO:dhcp_proxy_script_adapter_fetcher_win.cc(265)] Error fetching PAC URL from DHCP: 2
[0117/231108:INFO:dhcp_proxy_script_adapter_fetcher_win.cc(265)] Error fetching PAC URL from DHCP: 2
[0117/231313:INFO:dhcp_proxy_script_adapter_fetcher_win.cc(265)] Error fetching PAC URL from DHCP: 2
[0117/231517:INFO:dhcp_proxy_script_adapter_fetcher_win.cc(265)] Error fetching PAC URL from DHCP: 2
[0117/231722:INFO:dhcp_proxy_script_adapter_fetcher_win.cc(265)] Error fetching PAC URL from DHCP: 2
[0117/231927:INFO:dhcp_proxy_script_adapter_fetcher_win.cc(265)] Error fetching PAC URL from DHCP: 2
[0117/232131:INFO:dhcp_proxy_script_adapter_fetcher_win.cc(265)] Error fetching PAC URL from DHCP: 2
[0117/232336:INFO:dhcp_proxy_script_adapter_fetcher_win.cc(265)] Error fetching PAC URL from DHCP: 2
